C51 COMPILER V9.60.0.0   MAIN                                                              03/14/2022 11:12:47 PAGE 1   


C51 COMPILER V9.60.0.0, COMPILATION OF MODULE MAIN
OBJECT MODULE PLACED IN .\Objects\main.obj
COMPILER INVOKED BY: C:\Keil_v5\C51\BIN\C51.EXE main.c OPTIMIZE(8,SPEED) BROWSE DEBUG OBJECTEXTEND PRINT(.\Listings\main
                    -.lst) OBJECT(.\Objects\main.obj)

line level    source

   1          /*
   2                          LCD1602计时器
   3          */
   4          
   5          #include "reg51.h"
   6          #include "intrins.h"
   7          #include "lcd.h"
   8          #include "string.h"
   9          
  10          
  11          //独立按键
  12          sbit K1 = P3^1; //时间+1
  13          sbit K2 = P3^0; //时间-1
  14          sbit K3 = P3^2; //进入时间调整菜单
  15          sbit K4 = P3^3; //光标左移
  16          
  17          bit msFlag;  //定时器T0
  18          bit secFlag; 
  19          bit minFlag;
  20          bit houFlag;
  21          bit dayFlag;
  22          bit monFlag;
  23          
  24          bit keyFlag;  //外部中断
  25          bit recFlag;
  26          
  27          unsigned int CLOCK;
  28          
  29          unsigned char mss1 = 0x30; //时间参数
  30          unsigned char sec1 = 0x30;
  31          unsigned char sec2 = 0x30;
  32          unsigned char min1 = 0x30;
  33          unsigned char min2 = 0x30;
  34          
  35          unsigned char rec = 0;
  36          
  37          unsigned char R1_mss1 = 0x30;
  38          unsigned char R1_sec1 = 0x30;
  39          unsigned char R1_sec2 = 0x30;
  40          unsigned char R1_min1 = 0x30;
  41          unsigned char R1_min2 = 0x30;
  42          
  43          unsigned char R2_mss1 = 0x30;
  44          unsigned char R2_sec1 = 0x30; 
  45          unsigned char R2_sec2 = 0x30;
  46          unsigned char R2_min1 = 0x30;
  47          unsigned char R2_min2 = 0x30;
  48          
  49          //延时函数
  50          void DelayUs(unsigned char tu)
  51          {
  52   1              while(--tu);
  53   1      }
  54          
C51 COMPILER V9.60.0.0   MAIN                                                              03/14/2022 11:12:47 PAGE 2   

  55          void DelayMs(unsigned char tm)
  56          {
  57   1              while(tm--)
  58   1              {
  59   2                      DelayUs(248);
  60   2                      DelayUs(248);
  61   2              }
  62   1      }
  63          
  64          //T0设为16位定时器，定时50ms
  65          void T0_S()
  66          {
  67   1              TMOD = 0x01;
  68   1              TH0 = 70; //定时50ms
  69   1              TL0 = 0;
  70   1              EA = 1;
  71   1              ET0 = 1;
  72   1              TR0 = 1;
  73   1      }
  74          
  75          //定时器T0功能
  76          void T0_Z(void) interrupt 1 using 1
  77          {
  78   1              //重载定时器
  79   1              TH0 = 70;
  80   1              TL0 = 0;
  81   1              
  82   1              CLOCK++;
  83   1              //100ms
  84   1              if(CLOCK % 2 == 0)
  85   1              {
  86   2                      msFlag = 1;
  87   2              }
  88   1              //1s
  89   1              if(CLOCK % 20 == 0)
  90   1              {
  91   2                      //跳转到相关的显示函数
  92   2                      secFlag = 1;
  93   2              }
  94   1              //1min
  95   1              if(CLOCK % 1200 == 0)
  96   1              {
  97   2                      minFlag = 1;
  98   2              }
  99   1              //1hour
 100   1              if(CLOCK % 72000 == 0)
 101   1              {
 102   2                      houFlag = 1;
 103   2              }
 104   1              //1day
 105   1              if(CLOCK % 1728000 == 0)
 106   1              {
 107   2                      dayFlag = 1;
 108   2                      CLOCK = 0;
 109   2              }
 110   1      }
 111          
 112          //外部中断0设置
 113          void INT0_S()
 114          {
 115   1              EA = 1;
 116   1              EX0 = 1;
C51 COMPILER V9.60.0.0   MAIN                                                              03/14/2022 11:12:47 PAGE 3   

 117   1              IT0 = 1;
 118   1      }
 119          
 120          
 121          
 122          //外部中断1设置
 123          void INT1_S()
 124          {
 125   1              EA = 1;
 126   1              EX1 = 1;
 127   1              IT1 = 1;
 128   1      }
 129          
 130          //外部中断1功能，显示记录的时间
 131          void INT1_Z() interrupt 2 using 2
 132          {
 133   1              recFlag = 1;
 134   1      }
 135          
 136          
 137          //毫秒位显示
 138          void Ms_Display()
 139          {
 140   1              Char_Write(1, 15, mss1); //毫秒位
 141   1              if(msFlag == 1)
 142   1              {
 143   2                      //P2 = P2^0x01;
 144   2                      
 145   2                      mss1++;
 146   2                      Char_Write(1, 15, mss1); //毫秒位
 147   2                      DelayMs(10);
 148   2                      
 149   2                      
 150   2                      if(mss1 == 0x3a);
 151   2                      {
 152   3                              mss1 = 0x30;
 153   3                      }
 154   2                      
 155   2                      
 156   2                      msFlag = 0;
 157   2              }
 158   1      }
 159          
 160          //秒位显示
 161          void Sec_Display()
 162          {
 163   1              Char_Write(1, 13, sec1);  //秒1位
 164   1              Char_Write(1, 12, sec2); //秒10位
 165   1              if(secFlag == 1)
 166   1              {
 167   2                      sec1++;
 168   2                      if(sec1 == 0x3a)
 169   2                      {
 170   3                              sec2++;
 171   3                              sec1 = 0x30;
 172   3                              if(sec2 == 0x36)
 173   3                              {
 174   4                                      sec2 = 0x30;
 175   4                              }
 176   3                      }
 177   2                      secFlag = 0;
 178   2              }
C51 COMPILER V9.60.0.0   MAIN                                                              03/14/2022 11:12:47 PAGE 4   

 179   1      }
 180          
 181          //分位显示
 182          void Min_Display()
 183          {
 184   1              Char_Write(1, 10, min1); //分1位
 185   1              Char_Write(1, 9, min2); //分10位
 186   1              if(minFlag == 1)
 187   1              {
 188   2                      min1++;
 189   2                      if(min1 == 0x3a)
 190   2                      {
 191   3                              min2++;
 192   3                              min1 = 0x30;
 193   3                              if(min2 == 0x36)
 194   3                              {
 195   4                                      min2 = 0x30;
 196   4                              }
 197   3                      }
 198   2                      minFlag = 0;
 199   2              }
 200   1      }
 201          
 202          //屏幕界面
 203          void Screen_Init()
 204          {
 205   1              String_Write(1, 0, "Timer");
 206   1              String_Write(0, 0, "Run");
 207   1              String_Write(0, 8, "NanodAaa"); 
 208   1              Char_Write(1, 11, 0x3a);
 209   1              Char_Write(1, 14, 0x3a);
 210   1      }
 211          
 212          //时间显示函数
 213          void Time_Display()
 214          {
 215   1              Screen_Init(); //屏幕界面
 216   1              
 217   1              Ms_Display(); //毫秒位显示
 218   1              Sec_Display(); //秒位显示
 219   1              Min_Display(); //分位显示
 220   1      }
 221          
 222          //防止画面闪烁
 223          void Anti_Blink()
 224          {
 225   1              Screen_Init(); //屏幕界面
 226   1              Char_Write(1, 10, min1); //分1位
 227   1              Char_Write(1, 9, min2); //分10位
 228   1              Char_Write(1, 13, sec1); //秒1位
 229   1              Char_Write(1, 12, sec2); //秒10位
 230   1              Char_Write(1, 15, mss1); //毫秒位
 231   1      }
 232          
 233          //外部中断0功能，暂停计时器
 234          void INT0_Z() interrupt 0 using 0
 235          {
 236   1              keyFlag = 1;
 237   1              
 238   1              while(keyFlag == 1)
 239   1              {
 240   2                      String_Write(0, 0, "Stop");
C51 COMPILER V9.60.0.0   MAIN                                                              03/14/2022 11:12:47 PAGE 5   

 241   2              //      DelayMs(200); //设定屏幕刷新率！
 242   2                      if(K2 == 0)
 243   2                      {
 244   3                              DelayMs(10);
 245   3                              if(K2 == 0)
 246   3                              {
 247   4                                      Clear();
 248   4                                      Anti_Blink();
 249   4                                      //Time_Display();
 250   4                                      keyFlag = 0;
 251   4                              //      DelayMs(100);
 252   4                              } 
 253   3                      }       
 254   2              }
 255   1      }
 256          
 257          
 258          //记录当前时间
 259          void Time_Record()
 260          {
 261   1              //按下K1记录
 262   1              if(K1 == 0)
 263   1              {
 264   2                      DelayMs(10);
 265   2                      if(K1 == 0)
 266   2                      {
 267   3                              
 268   3                              if(rec == 0)
 269   3                              {
 270   4                                      R1_mss1 = mss1;
 271   4                                      R1_sec1 = sec1;
 272   4                                      R1_sec2 = sec2;
 273   4                                      R1_min1 = min1;
 274   4                                      R1_min2 = min2;
 275   4                                      DelayMs(5);
 276   4                              }
 277   3                              else if(rec == 1)
 278   3                              {
 279   4                                      R2_mss1 = mss1;
 280   4                                      R2_sec1 = sec1;
 281   4                                      R2_sec2 = sec2;
 282   4                                      R2_min1 = min1;
 283   4                                      R2_min2 = min2;
 284   4                                      DelayMs(5);
 285   4                              }
 286   3                              
 287   3                              rec++;
 288   3                              if(rec == 2) rec = 0;
 289   3                              
 290   3                      }
 291   2              }
 292   1      }
 293          
 294          
 295          //显示记录的时间
 296          void Record_Display()
 297          {
 298   1              while(recFlag == 1)
 299   1              {
 300   2                      Clear();
 301   2                      
 302   2                      Time_Record();  //记录当前时间
C51 COMPILER V9.60.0.0   MAIN                                                              03/14/2022 11:12:47 PAGE 6   

 303   2                      //第一行
 304   2                      String_Write(0, 0, "First");
 305   2                      Char_Write(0, 8, R1_min2);
 306   2                      Char_Write(0, 9, R1_min1);
 307   2                      Char_Write(0, 10, 0x3a);
 308   2                      Char_Write(0, 11, R1_sec2);
 309   2                      Char_Write(0, 12, R1_sec1);
 310   2                      Char_Write(0, 13, 0x3a);
 311   2                      Char_Write(0, 14, R1_mss1);
 312   2                      
 313   2                      //第二行
 314   2                      String_Write(1, 0, "Second");
 315   2                      Char_Write(1, 8, R2_min2);
 316   2                      Char_Write(1, 9, R2_min1);
 317   2                      Char_Write(1, 10, 0x3a);
 318   2                      Char_Write(1, 11, R2_sec2);
 319   2                      Char_Write(1, 12, R2_sec1);
 320   2                      Char_Write(1, 13, 0x3a);
 321   2                      Char_Write(1, 14, R2_mss1);
 322   2                      
 323   2                      DelayMs(200);
 324   2                      if(K4 == 0)
 325   2                      {
 326   3                              DelayMs(10);
 327   3                              while(K4 == 0)
 328   3                              {
 329   4                                      Clear();
 330   4                                      DelayMs(5);
 331   4                                      recFlag = 0;
 332   4                              }
 333   3                      }
 334   2              }
 335   1      }
 336          
 337          
 338          void main()
 339          {
 340   1              //初始化
 341   1              T0_S(); 
 342   1              INT0_S();
 343   1              INT1_S();
 344   1              Lcd_Init();
 345   1              Clear();
 346   1              
 347   1              //主循环
 348   1              while(1)
 349   1              {
 350   2                      Time_Display(); //时间显示
 351   2                      //Time_Stop();    //计时器暂停
 352   2                      Time_Record();  //记录当前时间
 353   2                      Record_Display(); //显示当前时间
 354   2                      
 355   2                      DelayMs(50);   //每0.01s刷新一次屏幕
 356   2              }
 357   1      }


MODULE INFORMATION:   STATIC OVERLAYABLE
   CODE SIZE        =    808    ----
   CONSTANT SIZE    =     37    ----
   XDATA SIZE       =   ----    ----
   PDATA SIZE       =   ----    ----
C51 COMPILER V9.60.0.0   MAIN                                                              03/14/2022 11:12:47 PAGE 7   

   DATA SIZE        =     18    ----
   IDATA SIZE       =   ----    ----
   BIT SIZE         =      8    ----
END OF MODULE INFORMATION.


C51 COMPILATION COMPLETE.  0 WARNING(S),  0 ERROR(S)
